<?xml version="1.0" encoding="UTF-8"?>
<!-- Generated by org.testng.reporters.JUnitReportReporter -->
<testsuite hostname="LAPTOP-9J15PCB5" failures="0" tests="1" name="lesson_05_DragDrop.DragDropTest" time="5.077" errors="0" timestamp="2024-12-19T13:48:39 IST" skipped="0">
  <testcase classname="lesson_05_DragDrop.DragDropTest" name="checkDragDrop" time="5.077"/>
  <system-out/>
</testsuite> <!-- lesson_05_DragDrop.DragDropTest -->
