<?xml version="1.0" encoding="UTF-8"?>
<!-- Generated by org.testng.reporters.JUnitReportReporter -->
<testsuite hostname="LAPTOP-9J15PCB5" failures="0" tests="1" name="lesson_03_Scroll.ScrollTest" time="25.037" errors="0" timestamp="2024-12-19T10:00:27 IST" skipped="0">
  <testcase classname="lesson_03_Scroll.ScrollTest" name="checkLongPress" time="25.037"/>
  <system-out/>
</testsuite> <!-- lesson_03_Scroll.ScrollTest -->
