<?xml version="1.0" encoding="UTF-8"?>
<!-- Generated by org.testng.reporters.JUnitReportReporter -->
<testsuite hostname="LAPTOP-9J15PCB5" failures="0" tests="1" name="lesson_04_Swipe.SwipeTest" time="6.871" errors="0" timestamp="2024-12-19T13:21:38 IST" skipped="0">
  <testcase classname="lesson_04_Swipe.SwipeTest" name="checkswipe" time="6.871"/>
  <system-out/>
</testsuite> <!-- lesson_04_Swipe.SwipeTest -->
