<?xml version="1.0" encoding="UTF-8"?>
<!-- Generated by org.testng.reporters.JUnitReportReporter -->
<testsuite hostname="LAPTOP-9J15PCB5" failures="0" tests="1" name="lesson_02_LongPress.LongPressTest" time="9.969" errors="0" timestamp="2024-12-19T13:00:58 IST" skipped="0">
  <testcase classname="lesson_02_LongPress.LongPressTest" name="checkLongPress" time="9.969"/>
  <system-out/>
</testsuite> <!-- lesson_02_LongPress.LongPressTest -->
