<?xml version="1.0" encoding="UTF-8"?>
<!-- Generated by org.testng.reporters.JUnitReportReporter -->
<testsuite hostname="LAPTOP-9J15PCB5" failures="0" tests="1" name="lesson_01_OpenApp.OpenApp" time="7.489" errors="0" timestamp="2024-12-17T22:19:02 IST" skipped="0">
  <testcase classname="lesson_01_OpenApp.OpenApp" name="wifiSettingsName" time="7.489"/>
  <system-out/>
</testsuite> <!-- lesson_01_OpenApp.OpenApp -->
